Oct 16, 2023 11:58:19 AM org.apache.catalina.startup.VersionLoggerListener log
INFO: Server version:        Apache Tomcat/7.0.92
Oct 16, 2023 11:58:19 AM org.apache.catalina.startup.VersionLoggerListener log
INFO: Server built:          Nov 9 2018 11:07:44 UTC
Oct 16, 2023 11:58:19 AM org.apache.catalina.startup.VersionLoggerListener log
INFO: Server number:         7.0.92.0
Oct 16, 2023 11:58:19 AM org.apache.catalina.startup.VersionLoggerListener log
INFO: OS Name:               Windows 10
Oct 16, 2023 11:58:19 AM org.apache.catalina.startup.VersionLoggerListener log
INFO: OS Version:            10.0
Oct 16, 2023 11:58:19 AM org.apache.catalina.startup.VersionLoggerListener log
INFO: Architecture:          amd64
Oct 16, 2023 11:58:19 AM org.apache.catalina.startup.VersionLoggerListener log
INFO: Java Home:             C:\Program Files\Java\jdk1.8.0_111\jre
Oct 16, 2023 11:58:19 AM org.apache.catalina.startup.VersionLoggerListener log
INFO: JVM Version:           1.8.0_111-b14
Oct 16, 2023 11:58:19 AM org.apache.catalina.startup.VersionLoggerListener log
INFO: JVM Vendor:            Oracle Corporation
Oct 16, 2023 11:58:19 AM org.apache.catalina.startup.VersionLoggerListener log
INFO: CATALINA_BASE:         C:\Users\axelg\Downloads\netbeans\apache-tomcat-7.0.92
Oct 16, 2023 11:58:19 AM org.apache.catalina.startup.VersionLoggerListener log
INFO: CATALINA_HOME:         C:\Users\axelg\Downloads\netbeans\apache-tomcat-7.0.92
Oct 16, 2023 11:58:19 AM org.apache.catalina.startup.VersionLoggerListener log
INFO: Command line argument: -Djava.util.logging.config.file=C:\Users\axelg\Downloads\netbeans\apache-tomcat-7.0.92\conf\logging.properties
Oct 16, 2023 11:58:19 AM org.apache.catalina.startup.VersionLoggerListener log
INFO: Command line argument: -Djava.util.logging.manager=org.apache.juli.ClassLoaderLogManager
Oct 16, 2023 11:58:19 AM org.apache.catalina.startup.VersionLoggerListener log
INFO: Command line argument: -Djdk.tls.ephemeralDHKeySize=2048
Oct 16, 2023 11:58:19 AM org.apache.catalina.startup.VersionLoggerListener log
INFO: Command line argument: -Dignore.endorsed.dirs=
Oct 16, 2023 11:58:19 AM org.apache.catalina.startup.VersionLoggerListener log
INFO: Command line argument: -Dcatalina.base=C:\Users\axelg\Downloads\netbeans\apache-tomcat-7.0.92
Oct 16, 2023 11:58:19 AM org.apache.catalina.startup.VersionLoggerListener log
INFO: Command line argument: -Dcatalina.home=C:\Users\axelg\Downloads\netbeans\apache-tomcat-7.0.92
Oct 16, 2023 11:58:19 AM org.apache.catalina.startup.VersionLoggerListener log
INFO: Command line argument: -Djava.io.tmpdir=C:\Users\axelg\Downloads\netbeans\apache-tomcat-7.0.92\temp
Oct 16, 2023 11:58:19 AM org.apache.catalina.core.AprLifecycleListener lifecycleEvent
INFO: Loaded APR based Apache Tomcat Native library 1.2.18 using APR version 1.6.5.
Oct 16, 2023 11:58:19 AM org.apache.catalina.core.AprLifecycleListener lifecycleEvent
INFO: APR capabilities: IPv6 [true], sendfile [true], accept filters [false], random [true].
Oct 16, 2023 11:58:19 AM org.apache.catalina.core.AprLifecycleListener initializeSSL
INFO: OpenSSL successfully initialized (OpenSSL 1.1.1  11 Sep 2018)
Oct 16, 2023 11:58:19 AM org.apache.coyote.AbstractProtocol init
INFO: Initializing ProtocolHandler ["http-apr-8080"]
Oct 16, 2023 11:58:19 AM org.apache.coyote.AbstractProtocol init
INFO: Initializing ProtocolHandler ["ajp-apr-8009"]
Oct 16, 2023 11:58:19 AM org.apache.catalina.startup.Catalina load
INFO: Initialization processed in 520 ms
Oct 16, 2023 11:58:19 AM org.apache.catalina.core.StandardService startInternal
INFO: Starting service Catalina
Oct 16, 2023 11:58:19 AM org.apache.catalina.core.StandardEngine startInternal
INFO: Starting Servlet Engine: Apache Tomcat/7.0.92
Oct 16, 2023 11:58:19 AM org.apache.catalina.startup.HostConfig deployDirectory
INFO: Deploying web application directory C:\Users\axelg\Downloads\netbeans\apache-tomcat-7.0.92\webapps\docs
Oct 16, 2023 11:58:19 AM org.apache.catalina.util.SessionIdGeneratorBase createSecureRandom
WARNING: Creation of SecureRandom instance for session ID generation using [SHA1PRNG] took [284] milliseconds.
Oct 16, 2023 11:58:19 AM org.apache.catalina.startup.HostConfig deployDirectory
INFO: Deployment of web application directory C:\Users\axelg\Downloads\netbeans\apache-tomcat-7.0.92\webapps\docs has finished in 647 ms
Oct 16, 2023 11:58:19 AM org.apache.catalina.startup.HostConfig deployDirectory
INFO: Deploying web application directory C:\Users\axelg\Downloads\netbeans\apache-tomcat-7.0.92\webapps\examples
Oct 16, 2023 11:58:20 AM org.apache.catalina.startup.HostConfig deployDirectory
INFO: Deployment of web application directory C:\Users\axelg\Downloads\netbeans\apache-tomcat-7.0.92\webapps\examples has finished in 312 ms
Oct 16, 2023 11:58:20 AM org.apache.catalina.startup.HostConfig deployDirectory
INFO: Deploying web application directory C:\Users\axelg\Downloads\netbeans\apache-tomcat-7.0.92\webapps\host-manager
Oct 16, 2023 11:58:20 AM org.apache.catalina.startup.HostConfig deployDirectory
INFO: Deployment of web application directory C:\Users\axelg\Downloads\netbeans\apache-tomcat-7.0.92\webapps\host-manager has finished in 71 ms
Oct 16, 2023 11:58:20 AM org.apache.catalina.startup.HostConfig deployDirectory
INFO: Deploying web application directory C:\Users\axelg\Downloads\netbeans\apache-tomcat-7.0.92\webapps\manager
Oct 16, 2023 11:58:20 AM org.apache.catalina.startup.HostConfig deployDirectory
INFO: Deployment of web application directory C:\Users\axelg\Downloads\netbeans\apache-tomcat-7.0.92\webapps\manager has finished in 90 ms
Oct 16, 2023 11:58:20 AM org.apache.catalina.startup.HostConfig deployDirectory
INFO: Deploying web application directory C:\Users\axelg\Downloads\netbeans\apache-tomcat-7.0.92\webapps\ROOT
Oct 16, 2023 11:58:20 AM org.apache.catalina.startup.HostConfig deployDirectory
INFO: Deployment of web application directory C:\Users\axelg\Downloads\netbeans\apache-tomcat-7.0.92\webapps\ROOT has finished in 49 ms
Oct 16, 2023 11:58:20 AM org.apache.coyote.AbstractProtocol start
INFO: Starting ProtocolHandler ["http-apr-8080"]
Oct 16, 2023 11:58:20 AM org.apache.coyote.AbstractProtocol start
INFO: Starting ProtocolHandler ["ajp-apr-8009"]
Oct 16, 2023 11:58:20 AM org.apache.catalina.startup.Catalina start
INFO: Server startup in 1248 ms
Oct 16, 2023 11:58:20 AM org.apache.catalina.startup.HostConfig deployDescriptor
INFO: Deploying configuration descriptor C:\Users\axelg\Downloads\netbeans\apache-tomcat-7.0.92\conf\Catalina\localhost\JSP1.xml
Oct 16, 2023 11:58:20 AM org.apache.catalina.startup.HostConfig deployDescriptor
INFO: Deployment of configuration descriptor C:\Users\axelg\Downloads\netbeans\apache-tomcat-7.0.92\conf\Catalina\localhost\JSP1.xml has finished in 70 ms
Oct 16, 2023 11:58:21 AM org.apache.catalina.util.LifecycleBase start
INFO: The start() method was called on component [StandardEngine[Catalina].StandardHost[localhost].StandardContext[/JSP1]] after start() had already been called. The second call will be ignored.
Oct 16, 2023 12:07:10 PM org.apache.catalina.core.StandardContext reload
INFO: Reloading Context with name [/JSP1] has started
Oct 16, 2023 12:07:10 PM org.apache.catalina.core.StandardContext reload
INFO: Reloading Context with name [/JSP1] is completed
Oct 16, 2023 12:07:12 PM org.apache.catalina.core.StandardContext reload
INFO: Reloading Context with name [/JSP1] has started
Oct 16, 2023 12:07:12 PM org.apache.catalina.core.StandardContext reload
INFO: Reloading Context with name [/JSP1] is completed
Oct 16, 2023 12:12:02 PM org.apache.catalina.core.StandardContext reload
INFO: Reloading Context with name [/JSP1] has started
Oct 16, 2023 12:12:02 PM org.apache.catalina.core.StandardContext reload
INFO: Reloading Context with name [/JSP1] is completed
Oct 16, 2023 12:12:22 PM org.apache.catalina.core.StandardContext reload
INFO: Reloading Context with name [/JSP1] has started
Oct 16, 2023 12:12:22 PM org.apache.catalina.core.StandardContext reload
INFO: Reloading Context with name [/JSP1] is completed
Oct 16, 2023 12:24:16 PM org.apache.catalina.core.StandardContext reload
INFO: Reloading Context with name [/JSP1] has started
Oct 16, 2023 12:24:16 PM org.apache.catalina.core.StandardContext reload
INFO: Reloading Context with name [/JSP1] is completed
Oct 16, 2023 12:39:01 PM org.apache.catalina.core.StandardServer await
INFO: A valid shutdown command was received via the shutdown port. Stopping the Server instance.
Oct 16, 2023 12:39:01 PM org.apache.coyote.AbstractProtocol pause
INFO: Pausing ProtocolHandler ["http-apr-8080"]
Oct 16, 2023 12:39:01 PM org.apache.coyote.AbstractProtocol pause
INFO: Pausing ProtocolHandler ["ajp-apr-8009"]
Oct 16, 2023 12:39:01 PM org.apache.catalina.core.StandardService stopInternal
INFO: Stopping service Catalina
Oct 16, 2023 12:39:01 PM org.apache.coyote.AbstractProtocol stop
INFO: Stopping ProtocolHandler ["http-apr-8080"]
Oct 16, 2023 12:39:01 PM org.apache.coyote.AbstractProtocol stop
INFO: Stopping ProtocolHandler ["ajp-apr-8009"]
Oct 16, 2023 12:39:01 PM org.apache.coyote.AbstractProtocol destroy
INFO: Destroying ProtocolHandler ["http-apr-8080"]
Oct 16, 2023 12:39:01 PM org.apache.coyote.AbstractProtocol destroy
INFO: Destroying ProtocolHandler ["ajp-apr-8009"]
