Oct 16, 2023 11:58:20 AM org.apache.catalina.core.ApplicationContext log
INFO: Manager: init: Associated with Deployer 'Catalina:type=Deployer,host=localhost'
Oct 16, 2023 11:58:20 AM org.apache.catalina.core.ApplicationContext log
INFO: Manager: init: Global resources are available
Oct 16, 2023 11:58:20 AM org.apache.catalina.core.ApplicationContext log
INFO: Manager: list: Listing contexts for virtual host 'localhost'
Oct 16, 2023 11:58:20 AM org.apache.catalina.core.ApplicationContext log
INFO: Manager: list: Listing contexts for virtual host 'localhost'
Oct 16, 2023 11:58:20 AM org.apache.catalina.core.ApplicationContext log
INFO: Manager: install: Installing context configuration at 'file:/C:/Users/axelg/AppData/Local/Temp/context6432875414260360289.xml'
Oct 16, 2023 11:58:21 AM org.apache.catalina.core.ApplicationContext log
INFO: Manager: start: Starting web application '/JSP1'
Oct 16, 2023 11:59:53 AM org.apache.catalina.core.ApplicationContext log
INFO: Manager: list: Listing contexts for virtual host 'localhost'
Oct 16, 2023 11:59:53 AM org.apache.catalina.core.ApplicationContext log
INFO: Manager: list: Listing contexts for virtual host 'localhost'
Oct 16, 2023 12:07:10 PM org.apache.catalina.core.ApplicationContext log
INFO: Manager: list: Listing contexts for virtual host 'localhost'
Oct 16, 2023 12:07:10 PM org.apache.catalina.core.ApplicationContext log
INFO: Manager: restart: Reloading web application '/JSP1'
Oct 16, 2023 12:07:12 PM org.apache.catalina.core.ApplicationContext log
INFO: Manager: list: Listing contexts for virtual host 'localhost'
Oct 16, 2023 12:07:12 PM org.apache.catalina.core.ApplicationContext log
INFO: Manager: restart: Reloading web application '/JSP1'
Oct 16, 2023 12:12:02 PM org.apache.catalina.core.ApplicationContext log
INFO: Manager: list: Listing contexts for virtual host 'localhost'
Oct 16, 2023 12:12:02 PM org.apache.catalina.core.ApplicationContext log
INFO: Manager: restart: Reloading web application '/JSP1'
Oct 16, 2023 12:12:22 PM org.apache.catalina.core.ApplicationContext log
INFO: Manager: list: Listing contexts for virtual host 'localhost'
Oct 16, 2023 12:12:22 PM org.apache.catalina.core.ApplicationContext log
INFO: Manager: restart: Reloading web application '/JSP1'
Oct 16, 2023 12:22:44 PM org.apache.catalina.core.ApplicationContext log
INFO: Manager: list: Listing contexts for virtual host 'localhost'
Oct 16, 2023 12:23:13 PM org.apache.catalina.core.ApplicationContext log
INFO: Manager: list: Listing contexts for virtual host 'localhost'
Oct 16, 2023 12:24:16 PM org.apache.catalina.core.ApplicationContext log
INFO: Manager: list: Listing contexts for virtual host 'localhost'
Oct 16, 2023 12:24:16 PM org.apache.catalina.core.ApplicationContext log
INFO: Manager: list: Listing contexts for virtual host 'localhost'
Oct 16, 2023 12:24:16 PM org.apache.catalina.core.ApplicationContext log
INFO: Manager: restart: Reloading web application '/JSP1'
